[debug] [2021-07-14T12:08:19.858Z] ----------------------------------------------------------------------
[debug] [2021-07-14T12:08:19.864Z] Command:       C:\Program Files\nodejs\node.exe C:\Users\Nico\AppData\Roaming\npm\node_modules\firebase-tools\lib\bin\firebase.js init
[debug] [2021-07-14T12:08:19.864Z] CLI Version:   9.16.0
[debug] [2021-07-14T12:08:19.864Z] Platform:      win32
[debug] [2021-07-14T12:08:19.865Z] Node Version:  v14.17.3
[debug] [2021-07-14T12:08:19.867Z] Time:          Wed Jul 14 2021 14:08:19 GMT+0200 (hora de verano de Europa central)
[debug] [2021-07-14T12:08:19.867Z] ----------------------------------------------------------------------
[debug] 
[debug] [2021-07-14T12:08:19.895Z] > command requires scopes: ["email","openid","https://www.googleapis.com/auth/cloudplatformprojects.readonly","https://www.googleapis.com/auth/firebase","https://www.googleapis.com/auth/cloud-platform"]
[debug] [2021-07-14T12:08:19.896Z] > authorizing via signed-in user (unuevopais@gmail.com)
[info] 
     ######## #### ########  ######## ########     ###     ######  ########
     ##        ##  ##     ## ##       ##     ##  ##   ##  ##       ##
     ######    ##  ########  ######   ########  #########  ######  ######
     ##        ##  ##    ##  ##       ##     ## ##     ##       ## ##
     ##       #### ##     ## ######## ########  ##     ##  ######  ########

You're about to initialize a Firebase project in this directory:

  C:\Users\Nico\Desktop\Nuevo pais

[info] 
=== Project Setup
[info] 
[info] First, let's associate this project directory with a Firebase project.
[info] You can create multiple project aliases by running firebase use --add, 
[info] but for now we'll just set up a default project.
[info] 
[debug] [2021-07-14T12:09:31.569Z] >>> [apiv2][query] GET https://firebase.googleapis.com/v1beta1/projects pageSize=100
[debug] [2021-07-14T12:09:31.920Z] <<< [apiv2][status] GET https://firebase.googleapis.com/v1beta1/projects 200
[debug] [2021-07-14T12:09:31.920Z] <<< [apiv2][body] GET https://firebase.googleapis.com/v1beta1/projects [omitted]
[info] i  Using project un-nuevo-pais (Un nuevo pais) 
[info] 
=== Hosting:github Setup
[info] 
[info] i  Didn't detect a .git folder. Assuming C:\Users\Nico\Desktop\Nuevo pais is the project root. 
[info] i  Authorizing with GitHub to upload your service account to a GitHub repository's secrets store. 
[info] 
[info] Visit this URL on this device to log in:
[info] https://github.com/login/oauth/authorize?client_id=89cf50f02ac6aaed3484&state=397918406&redirect_uri=http%3A%2F%2Flocalhost%3A9005&scope=read%3Auser%20repo%20public_repo
[info] 
[info] Waiting for authentication...
